mode: set
github.com/go-prome/app/services/note_services/note_services_impl.go:18.83,21.50 3 1
github.com/go-prome/app/services/note_services/note_services_impl.go:21.50,23.3 1 1
github.com/go-prome/app/services/note_services/note_services_impl.go:25.2,26.16 2 1
github.com/go-prome/app/services/note_services/note_services_impl.go:26.16,28.3 1 0
github.com/go-prome/app/services/note_services/note_services_impl.go:30.2,32.16 3 1
github.com/go-prome/app/services/note_services/note_services_impl.go:32.16,34.3 1 0
github.com/go-prome/app/services/note_services/note_services_impl.go:36.2,36.44 1 1
github.com/go-prome/app/services/note_services/note_services_impl.go:40.64,42.16 2 0
github.com/go-prome/app/services/note_services/note_services_impl.go:42.16,44.3 1 0
github.com/go-prome/app/services/note_services/note_services_impl.go:46.2,46.27 1 0
github.com/go-prome/app/services/note_services/note_services_impl.go:50.71,52.16 2 0
github.com/go-prome/app/services/note_services/note_services_impl.go:52.16,54.3 1 0
github.com/go-prome/app/services/note_services/note_services_impl.go:56.2,58.16 3 0
github.com/go-prome/app/services/note_services/note_services_impl.go:58.16,60.3 1 0
github.com/go-prome/app/services/note_services/note_services_impl.go:62.2,62.40 1 0
github.com/go-prome/app/services/note_services/note_services_impl.go:66.75,68.16 2 0
github.com/go-prome/app/services/note_services/note_services_impl.go:68.16,70.3 1 0
github.com/go-prome/app/services/note_services/note_services_impl.go:72.2,74.16 3 0
github.com/go-prome/app/services/note_services/note_services_impl.go:74.16,76.3 1 0
github.com/go-prome/app/services/note_services/note_services_impl.go:78.2,78.39 1 0
github.com/go-prome/app/services/note_services/note_services_impl.go:82.95,85.16 3 0
github.com/go-prome/app/services/note_services/note_services_impl.go:85.16,87.3 1 0
github.com/go-prome/app/services/note_services/note_services_impl.go:89.2,90.16 2 0
github.com/go-prome/app/services/note_services/note_services_impl.go:90.16,92.3 1 0
github.com/go-prome/app/services/note_services/note_services_impl.go:94.2,96.16 3 0
github.com/go-prome/app/services/note_services/note_services_impl.go:96.16,98.3 1 0
github.com/go-prome/app/services/note_services/note_services_impl.go:100.2,100.39 1 0
github.com/go-prome/app/services/note_services/note_services_impl.go:103.77,107.2 1 1
